f:\개발\학원\myterraria\myterraria4 (2) (2)\myterraria\debug\myterraria.pch
f:\개발\학원\myterraria\myterraria4 (2) (2)\myterraria\debug\vc140.pdb
f:\개발\학원\myterraria\myterraria4 (2) (2)\myterraria\debug\vc140.idb
f:\개발\학원\myterraria\myterraria4 (2) (2)\myterraria\debug\stdafx.obj
f:\개발\학원\myterraria\myterraria4 (2) (2)\myterraria\debug\lightmgr.obj
f:\개발\학원\myterraria\myterraria4 (2) (2)\myterraria\debug\maingame.obj
f:\개발\학원\myterraria\myterraria4 (2) (2)\myterraria\debug\mathmgr.obj
f:\개발\학원\myterraria\myterraria4 (2) (2)\myterraria\debug\mybmp.obj
f:\개발\학원\myterraria\myterraria4 (2) (2)\myterraria\debug\myterraria.obj
f:\개발\학원\myterraria\myterraria4 (2) (2)\myterraria\debug\obj.obj
f:\개발\학원\myterraria\myterraria4 (2) (2)\myterraria\debug\objmgr.obj
f:\개발\학원\myterraria\myterraria4 (2) (2)\myterraria\debug\player.obj
f:\개발\학원\myterraria\myterraria4 (2) (2)\myterraria\debug\playertoolswing.obj
f:\개발\학원\myterraria\myterraria4 (2) (2)\myterraria\debug\scene.obj
f:\개발\학원\myterraria\myterraria4 (2) (2)\myterraria\debug\scenemgr.obj
f:\개발\학원\myterraria\myterraria4 (2) (2)\myterraria\debug\scrollmgr.obj
f:\개발\학원\myterraria\myterraria4 (2) (2)\myterraria\debug\stone.obj
f:\개발\학원\myterraria\myterraria4 (2) (2)\myterraria\debug\stonepick.obj
f:\개발\학원\myterraria\myterraria4 (2) (2)\myterraria\debug\stonesword.obj
f:\개발\학원\myterraria\myterraria4 (2) (2)\myterraria\debug\timemgr.obj
f:\개발\학원\myterraria\myterraria4 (2) (2)\myterraria\debug\torch.obj
f:\개발\학원\myterraria\myterraria4 (2) (2)\myterraria\debug\uimgr.obj
f:\개발\학원\myterraria\myterraria4 (2) (2)\myterraria\debug\worldmgr.obj
f:\개발\학원\myterraria\myterraria4 (2) (2)\myterraria\debug\zombie.obj
f:\개발\학원\myterraria\myterraria4 (2) (2)\myterraria\debug\air.obj
f:\개발\학원\myterraria\myterraria4 (2) (2)\myterraria\debug\backgroundmgr.obj
f:\개발\학원\myterraria\myterraria4 (2) (2)\myterraria\debug\block.obj
f:\개발\학원\myterraria\myterraria4 (2) (2)\myterraria\debug\blockmgr.obj
f:\개발\학원\myterraria\myterraria4 (2) (2)\myterraria\debug\bmpmgr.obj
f:\개발\학원\myterraria\myterraria4 (2) (2)\myterraria\debug\collisionmgr.obj
f:\개발\학원\myterraria\myterraria4 (2) (2)\myterraria\debug\dirt.obj
f:\개발\학원\myterraria\myterraria4 (2) (2)\myterraria\debug\entity.obj
f:\개발\학원\myterraria\myterraria4 (2) (2)\myterraria\debug\ingame.obj
f:\개발\학원\myterraria\myterraria4 (2) (2)\myterraria\debug\invmgr.obj
f:\개발\학원\myterraria\myterraria4 (2) (2)\myterraria\debug\item.obj
f:\개발\학원\myterraria\myterraria4 (2) (2)\myterraria\debug\itembmpmgr.obj
f:\개발\학원\myterraria\myterraria4 (2) (2)\myterraria\debug\itemcreatemgr.obj
f:\개발\학원\myterraria\myterraria4 (2) (2)\myterraria\debug\item_dirt.obj
f:\개발\학원\myterraria\myterraria4 (2) (2)\myterraria\debug\item_stone.obj
f:\개발\학원\myterraria\myterraria4 (2) (2)\myterraria\debug\item_torch.obj
f:\개발\학원\myterraria\myterraria4 (2) (2)\myterraria\debug\keymgr.obj
f:\개발\학원\myterraria\myterraria4 (2) (2)\myterraria\debug\myterraria.res
f:\개발\학원\myterraria\myterraria4 (2) (2)\debug\myterraria.pdb
f:\개발\학원\myterraria\myterraria4 (2) (2)\debug\myterraria.exe
f:\개발\학원\myterraria\myterraria4 (2) (2)\debug\myterraria.ilk
f:\개발\학원\myterraria\myterraria4 (2) (2)\myterraria\debug\myterraria.tlog\cl.command.1.tlog
f:\개발\학원\myterraria\myterraria4 (2) (2)\myterraria\debug\myterraria.tlog\cl.read.1.tlog
f:\개발\학원\myterraria\myterraria4 (2) (2)\myterraria\debug\myterraria.tlog\cl.write.1.tlog
f:\개발\학원\myterraria\myterraria4 (2) (2)\myterraria\debug\myterraria.tlog\link.command.1.tlog
f:\개발\학원\myterraria\myterraria4 (2) (2)\myterraria\debug\myterraria.tlog\link.read.1.tlog
f:\개발\학원\myterraria\myterraria4 (2) (2)\myterraria\debug\myterraria.tlog\link.write.1.tlog
f:\개발\학원\myterraria\myterraria4 (2) (2)\myterraria\debug\myterraria.tlog\rc.command.1.tlog
f:\개발\학원\myterraria\myterraria4 (2) (2)\myterraria\debug\myterraria.tlog\rc.read.1.tlog
f:\개발\학원\myterraria\myterraria4 (2) (2)\myterraria\debug\myterraria.tlog\rc.write.1.tlog
